<?xml version="1.0" encoding="UTF-8"?>
<!-- Generated by org.testng.reporters.JUnitReportReporter -->
<testsuite hostname="LAPTOP-3LMAQE78" failures="0" tests="6" name="com.testng.ParalelExecutions4" time="0.008" errors="0" timestamp="2022-09-27T13:48:54 IST" skipped="0">
  <testcase classname="com.testng.ParalelExecutions4" name="testMethod21" time="0.001"/>
  <system-out/>
  <testcase classname="com.testng.ParalelExecutions4" name="testMethod20" time="0.001"/>
  <system-out/>
  <testcase classname="com.testng.ParalelExecutions4" name="testMethod22" time="0.001"/>
  <system-out/>
  <testcase classname="com.testng.ParalelExecutions4" name="testMethod19" time="0.001"/>
  <system-out/>
  <testcase classname="com.testng.ParalelExecutions4" name="testMethod17" time="0.002"/>
  <system-out/>
  <testcase classname="com.testng.ParalelExecutions4" name="testMethod18" time="0.002"/>
  <system-out/>
</testsuite> <!-- com.testng.ParalelExecutions4 -->
