<?xml version="1.0" encoding="UTF-8"?>
<!-- Generated by org.testng.reporters.JUnitReportReporter -->
<testsuite hostname="LAPTOP-3LMAQE78" failures="0" tests="6" name="com.testng.RandomUser" time="133.250" errors="0" timestamp="2022-09-08T14:04:33 IST" skipped="0">
  <testcase classname="com.testng.RandomUser" name="findElements" time="31.084"/>
  <system-out/>
  <testcase classname="com.testng.RandomUser" name="findElements" time="5.509"/>
  <system-out/>
  <testcase classname="com.testng.RandomUser" name="findElements" time="30.963"/>
  <system-out/>
  <testcase classname="com.testng.RandomUser" name="OpenBrowser" time="3.506"/>
  <system-out/>
  <testcase classname="com.testng.RandomUser" name="findElements" time="31.423"/>
  <system-out/>
  <testcase classname="com.testng.RandomUser" name="findElements" time="30.765"/>
  <system-out/>
</testsuite> <!-- com.testng.RandomUser -->
