<?xml version="1.0" encoding="UTF-8"?>
<!-- Generated by org.testng.reporters.JUnitReportReporter -->
<testsuite hostname="LAPTOP-3LMAQE78" failures="0" tests="1" name="com.testng.Listeners.AutomaticScreenShotOnFailure" time="10.171" errors="0" timestamp="2022-09-09T14:49:34 IST" skipped="0">
  <testcase classname="com.testng.Listeners.AutomaticScreenShotOnFailure" name="plant" time="10.171"/>
  <system-out/>
</testsuite> <!-- com.testng.Listeners.AutomaticScreenShotOnFailure -->
