<?xml version="1.0" encoding="UTF-8"?>
<!-- Generated by org.testng.reporters.JUnitReportReporter -->
<testsuite hostname="LAPTOP-3LMAQE78" failures="0" tests="4" name="com.testng.SauceLab" time="11.796" errors="0" timestamp="2022-09-27T14:03:28 IST" skipped="0">
  <testcase classname="com.testng.SauceLab" name="login" time="6.562"/>
  <system-out/>
  <testcase classname="com.testng.SauceLab" name="login" time="1.347"/>
  <system-out/>
  <testcase classname="com.testng.SauceLab" name="login" time="2.459"/>
  <system-out/>
  <testcase classname="com.testng.SauceLab" name="login" time="1.428"/>
  <system-out/>
</testsuite> <!-- com.testng.SauceLab -->
