<?xml version="1.0" encoding="UTF-8"?>
<!-- Generated by org.testng.reporters.JUnitReportReporter -->
<testsuite hostname="LAPTOP-3LMAQE78" failures="0" tests="1" name="com.testng.OpenGoogle" time="3.062" errors="0" timestamp="2022-09-07T13:46:05 IST" skipped="0">
  <testcase classname="com.testng.OpenGoogle" name="openGoogle" time="3.062"/>
  <system-out/>
</testsuite> <!-- com.testng.OpenGoogle -->
