<?xml version="1.0" encoding="UTF-8"?>
<!-- Generated by org.testng.reporters.JUnitReportReporter -->
<testsuite hostname="LAPTOP-3LMAQE78" failures="0" tests="2" name="com.testng.DataProviderReturnTypeIterator" time="0.015" errors="0" timestamp="2022-08-30T23:44:38 IST" skipped="0">
  <testcase classname="com.testng.DataProviderReturnTypeIterator" name="method2" time="0.003"/>
  <system-out/>
  <testcase classname="com.testng.DataProviderReturnTypeIterator" name="method2" time="0.012"/>
  <system-out/>
</testsuite> <!-- com.testng.DataProviderReturnTypeIterator -->
