<?xml version="1.0" encoding="UTF-8"?>
<!-- Generated by org.testng.reporters.JUnitReportReporter -->
<testsuite hostname="LAPTOP-3LMAQE78" failures="0" tests="2" name="com.testng.DaraProviderMultiDiamensionalArray" time="0.021" errors="0" timestamp="2022-08-30T22:54:06 IST" skipped="0">
  <testcase classname="com.testng.DaraProviderMultiDiamensionalArray" name="method2" time="0.016"/>
  <system-out/>
  <testcase classname="com.testng.DaraProviderMultiDiamensionalArray" name="method2" time="0.005"/>
  <system-out/>
</testsuite> <!-- com.testng.DaraProviderMultiDiamensionalArray -->
