<?xml version="1.0" encoding="UTF-8"?>
<!-- Generated by org.testng.reporters.JUnitReportReporter -->
<testsuite hostname="LAPTOP-3LMAQE78" failures="0" tests="4" name="com.testng.Priority" time="0.027" errors="0" timestamp="2022-08-25T15:44:09 IST" skipped="0">
  <testcase classname="com.testng.Priority" name="kvhcaskjs" time="0.020"/>
  <system-out/>
  <testcase classname="com.testng.Priority" name="jgvjhdz" time="0.003"/>
  <system-out/>
  <testcase classname="com.testng.Priority" name="kahvchik" time="0.002"/>
  <system-out/>
  <testcase classname="com.testng.Priority" name="iurdgwoebju" time="0.002"/>
  <system-out/>
</testsuite> <!-- com.testng.Priority -->
