<?xml version="1.0" encoding="UTF-8"?>
<!-- Generated by org.testng.reporters.JUnitReportReporter -->
<testsuite hostname="LAPTOP-3LMAQE78" failures="0" tests="7" name="com.testng.SameDataProviderMethods" time="0.015" errors="0" timestamp="2022-09-03T13:24:59 IST" skipped="0">
  <testcase classname="com.testng.SameDataProviderMethods" name="createLoan" time="0.001"/>
  <system-out/>
  <testcase classname="com.testng.SameDataProviderMethods" name="createLoan" time="0.002"/>
  <system-out/>
  <testcase classname="com.testng.SameDataProviderMethods" name="updateCustomerDetails" time="0.001"/>
  <system-out/>
  <testcase classname="com.testng.SameDataProviderMethods" name="updateCustomerDetails" time="0.001"/>
  <system-out/>
  <testcase classname="com.testng.SameDataProviderMethods" name="createLoan" time="0.001"/>
  <system-out/>
  <testcase classname="com.testng.SameDataProviderMethods" name="createLoan" time="0.008"/>
  <system-out/>
  <testcase classname="com.testng.SameDataProviderMethods" name="createLoan" time="0.001"/>
  <system-out/>
</testsuite> <!-- com.testng.SameDataProviderMethods -->
