<?xml version="1.0" encoding="UTF-8"?>
<!-- Generated by org.testng.reporters.JUnitReportReporter -->
<testsuite hostname="LAPTOP-3LMAQE78" failures="0" tests="5" name="com.testng.Grouping2" time="0.012" errors="0" timestamp="2022-08-27T14:01:04 IST" skipped="0">
  <testcase classname="com.testng.Grouping2" name="testMethod3" time="0.002"/>
  <system-out/>
  <testcase classname="com.testng.Grouping2" name="testMethod1" time="0.002"/>
  <system-out/>
  <testcase classname="com.testng.Grouping2" name="testMethod2" time="0.003"/>
  <system-out/>
  <testcase classname="com.testng.Grouping2" name="testMethod4" time="0.002"/>
  <system-out/>
  <testcase classname="com.testng.Grouping2" name="testMethod5" time="0.003"/>
  <system-out/>
</testsuite> <!-- com.testng.Grouping2 -->
