<?xml version="1.0" encoding="UTF-8"?>
<!-- Generated by org.testng.reporters.JUnitReportReporter -->
<testsuite hostname="LAPTOP-3LMAQE78" failures="0" tests="6" name="com.testng.ParallelExecutions" time="0.017" errors="0" timestamp="2022-09-27T13:48:54 IST" skipped="0">
  <testcase classname="com.testng.ParallelExecutions" name="testMethod1" time="0.009"/>
  <system-out/>
  <testcase classname="com.testng.ParallelExecutions" name="testMethod6" time="0.001"/>
  <system-out/>
  <testcase classname="com.testng.ParallelExecutions" name="testMethod4" time="0.002"/>
  <system-out/>
  <testcase classname="com.testng.ParallelExecutions" name="testMethod5" time="0.001"/>
  <system-out/>
  <testcase classname="com.testng.ParallelExecutions" name="testMethod3" time="0.002"/>
  <system-out/>
  <testcase classname="com.testng.ParallelExecutions" name="testMethod2" time="0.002"/>
  <system-out/>
</testsuite> <!-- com.testng.ParallelExecutions -->
