<?xml version="1.0" encoding="UTF-8"?>
<!-- Generated by org.testng.reporters.JUnitReportReporter -->
<testsuite hostname="LAPTOP-3LMAQE78" failures="0" tests="1" name="com.testng.Parameters1" time="0.008" errors="0" timestamp="2022-08-22T15:25:43 IST" skipped="0">
  <testcase classname="com.testng.Parameters1" name="para" time="0.008"/>
  <system-out/>
</testsuite> <!-- com.testng.Parameters1 -->
