<?xml version="1.0" encoding="UTF-8"?>
<!-- Generated by org.testng.reporters.JUnitReportReporter -->
<testsuite hostname="LAPTOP-3LMAQE78" failures="0" tests="4" name="com.testng.ParalelExecutons3" time="0.004" errors="0" timestamp="2022-09-27T13:48:54 IST" skipped="0">
  <testcase classname="com.testng.ParalelExecutons3" name="testMethod16" time="0.001"/>
  <system-out/>
  <testcase classname="com.testng.ParalelExecutons3" name="testMethod13" time="0.001"/>
  <system-out/>
  <testcase classname="com.testng.ParalelExecutons3" name="testMethod14" time="0.001"/>
  <system-out/>
  <testcase classname="com.testng.ParalelExecutons3" name="testMethod15" time="0.001"/>
  <system-out/>
</testsuite> <!-- com.testng.ParalelExecutons3 -->
