<?xml version="1.0" encoding="UTF-8"?>
<!-- Generated by org.testng.reporters.JUnitReportReporter -->
<testsuite hostname="LAPTOP-3LMAQE78" failures="0" tests="1" name="com.testng.OptinalParaMeters" time="2.717" errors="0" timestamp="2022-08-24T17:50:33 IST" skipped="0">
  <testcase classname="com.testng.OptinalParaMeters" name="launchBrowser" time="2.717"/>
  <system-out/>
</testsuite> <!-- com.testng.OptinalParaMeters -->
