<?xml version="1.0" encoding="UTF-8"?>
<!-- Generated by org.testng.reporters.JUnitReportReporter -->
<testsuite hostname="LAPTOP-3LMAQE78" failures="0" tests="2" name="com.testng.FirstTest" time="13.646" errors="0" timestamp="2022-08-17T15:43:56 IST" skipped="0">
  <testcase classname="com.testng.FirstTest" name="test1" time="6.398"/>
  <system-out/>
  <testcase classname="com.testng.FirstTest" name="test2" time="7.248"/>
  <system-out/>
</testsuite> <!-- com.testng.FirstTest -->
