<?xml version="1.0" encoding="UTF-8"?>
<!-- Generated by org.testng.reporters.JUnitReportReporter -->
<testsuite hostname="LAPTOP-3LMAQE78" failures="0" tests="1" name="ScreenShot" time="4.913" errors="0" timestamp="2022-09-14T17:07:31 IST" skipped="0">
  <testcase classname="ScreenShot" name="getSceenshot" time="4.913"/>
  <system-out/>
</testsuite> <!-- ScreenShot -->
