<?xml version="1.0" encoding="UTF-8"?>
<!-- Generated by org.testng.reporters.JUnitReportReporter -->
<testsuite hostname="LAPTOP-3LMAQE78" failures="0" tests="5" name="com.testng.DataProvider" time="43.513" errors="0" timestamp="2022-09-27T14:06:44 IST" skipped="0">
  <testcase classname="com.testng.DataProvider" name="form" time="8.203"/>
  <system-out/>
  <testcase classname="com.testng.DataProvider" name="form" time="8.296"/>
  <system-out/>
  <testcase classname="com.testng.DataProvider" name="form" time="9.383"/>
  <system-out/>
  <testcase classname="com.testng.DataProvider" name="form" time="8.200"/>
  <system-out/>
  <testcase classname="com.testng.DataProvider" name="form" time="9.431"/>
  <system-out/>
</testsuite> <!-- com.testng.DataProvider -->
