<?xml version="1.0" encoding="UTF-8"?>
<!-- Generated by org.testng.reporters.JUnitReportReporter -->
<testsuite hostname="LAPTOP-3LMAQE78" failures="0" tests="2" name="com.testng.DataProviderReturnTypes1" time="0.007" errors="0" timestamp="2022-08-30T20:32:08 IST" skipped="0">
  <testcase classname="com.testng.DataProviderReturnTypes1" name="method" time="0.001"/>
  <system-out/>
  <testcase classname="com.testng.DataProviderReturnTypes1" name="method" time="0.006"/>
  <system-out/>
</testsuite> <!-- com.testng.DataProviderReturnTypes1 -->
