<?xml version="1.0" encoding="UTF-8"?>
<!-- Generated by org.testng.reporters.JUnitReportReporter -->
<testsuite hostname="LAPTOP-3LMAQE78" failures="0" tests="4" name="com.testng.Listeners.ListernTest" time="0.019" errors="0" timestamp="2022-09-08T17:05:39 IST" skipped="0">
  <testcase classname="com.testng.Listeners.ListernTest" name="testMethod13" time="0.013"/>
  <system-out/>
  <testcase classname="com.testng.Listeners.ListernTest" name="testMethod15" time="0.002"/>
  <system-out/>
  <testcase classname="com.testng.Listeners.ListernTest" name="testMethod16" time="0.002"/>
  <system-out/>
  <testcase classname="com.testng.Listeners.ListernTest" name="testMethod14" time="0.002"/>
  <system-out/>
</testsuite> <!-- com.testng.Listeners.ListernTest -->
