<?xml version="1.0" encoding="UTF-8"?>
<!-- Generated by org.testng.reporters.JUnitReportReporter -->
<testsuite hostname="LAPTOP-3LMAQE78" failures="0" tests="6" name="com.testng.ParalelExecutions2" time="0.015" errors="0" timestamp="2022-09-27T13:48:54 IST" skipped="0">
  <testcase classname="com.testng.ParalelExecutions2" name="testMethod10" time="0.009"/>
  <system-out/>
  <testcase classname="com.testng.ParalelExecutions2" name="testMethod9" time="0.002"/>
  <system-out/>
  <testcase classname="com.testng.ParalelExecutions2" name="testMethod11" time="0.001"/>
  <system-out/>
  <testcase classname="com.testng.ParalelExecutions2" name="testMethod12" time="0.001"/>
  <system-out/>
  <testcase classname="com.testng.ParalelExecutions2" name="testMethod8" time="0.000"/>
  <system-out/>
  <testcase classname="com.testng.ParalelExecutions2" name="testMethod7" time="0.002"/>
  <system-out/>
</testsuite> <!-- com.testng.ParalelExecutions2 -->
