<?xml version="1.0" encoding="UTF-8"?>
<!-- Generated by org.testng.reporters.JUnitReportReporter -->
<testsuite hostname="LAPTOP-3LMAQE78" failures="0" tests="1" name="Tests" time="4.167" errors="0" timestamp="2022-10-01T21:22:44 IST" skipped="0">
  <testcase classname="Tests" name="m1" time="4.167"/>
  <system-out/>
</testsuite> <!-- Tests -->
