<?xml version="1.0" encoding="UTF-8"?>
<!-- Generated by org.testng.reporters.JUnitXMLReporter -->
<testsuite ignored="6" hostname="LAPTOP-3LMAQE78" failures="0" tests="1" name="test-Parameters" time="0.054" errors="0" timestamp="2022-08-22T15:25:42 IST">
  <testcase classname="com.testng.Parameters1" name="para" time="0.008"/>
  <testcase classname="com.testng.Parameters1" name="launchApplication" time="0.0">
    <ignored/>
  </testcase> <!-- launchApplication -->
  <testcase classname="com.testng.Parameters1" name="openUrl" time="0.0">
    <ignored/>
  </testcase> <!-- openUrl -->
  <testcase classname="com.testng.Parameters1" name="verifyLogin" time="0.0">
    <ignored/>
  </testcase> <!-- verifyLogin -->
  <testcase classname="com.testng.Parameters1" name="addLoginCredentials" time="0.0">
    <ignored/>
  </testcase> <!-- addLoginCredentials -->
  <testcase classname="com.testng.Parameters1" name="verifyMyInfo" time="0.0">
    <ignored/>
  </testcase> <!-- verifyMyInfo -->
  <testcase classname="com.testng.Parameters1" name="navigateToMyInfo" time="0.0">
    <ignored/>
  </testcase> <!-- navigateToMyInfo -->
</testsuite> <!-- test-Parameters -->
